0  0  0   0  0   0  0 0  0
1  1  1  10  8  10  1 1  1 1 0 0 0 1 0 0 0 1 3024.dat
1  1  2  20  8  10  2 1  1 1 0 0 0 1 0 0 0 1 3023.dat
1  1  3  30  8  10  3 1  1 1 0 0 0 1 0 0 0 1 101.dat
1  1  4  40  8  10  4 1  1 1 0 0 0 1 0 0 0 1 3710.dat
1  1  6  60  8  10  6 1  1 1 0 0 0 1 0 0 0 1 3666.dat
1  1  8  80  8  10  8 1  1 1 0 0 0 1 0 0 0 1 9.dat
1  1 10 100  8  10 10 1  1 1 0 0 0 1 0 0 0 1 4477.dat
1  2  1  10  8  20  1 1  2 0 0 -1 0 1 0 1 0 0 3023.dat
1  2  2  20  8  20  2 1  2 1 0 0 0 1 0 0 0 1 3022.dat
1  2  3  30  8  20  3 1  2 1 0 0 0 1 0 0 0 1 3021.dat
1  2  4  40  8  20  4 1  2 1 0 0 0 1 0 0 0 1 3020.dat
1  2  6  60  8  20  6 1  2 1 0 0 0 1 0 0 0 1 3795.dat
1  2  8  80  8  20  8 1  2 1 0 0 0 1 0 0 0 1 3034.dat
1  2 10 100  8  20 10 1  2 1 0 0 0 1 0 0 0 1 3832.dat
1  3  1  10  8  30  1 1  3 0 0 -1 0 1 0 1 0 0 101.dat
1  3  2  20  8  30  2 1  3 0 0 -1 0 1 0 1 0 0 3021.dat
1  4  1  10  8  40  1 1  4 0 0 -1 0 1 0 1 0 0 3710.dat
1  4  2  20  8  40  2 1  4 0 0 -1 0 1 0 1 0 0 3020.dat
1  4  4  40  8  40  4 1  4 1 0 0 0 1 0 0 0 1 3031.dat
1  4  6  60  8  40  6 1  4 1 0 0 0 1 0 0 0 1 3032.dat
1  4  8  80  8  40  8 1  4 1 0 0 0 1 0 0 0 1 3035.dat
1  4 10 100  8  40 10 1  4 1 0 0 0 1 0 0 0 1 3030.dat
1  6  1  10  8  60  1 1  6 0 0 -1 0 1 0 1 0 0 3666.dat
1  6  2  20  8  60  2 1  6 0 0 -1 0 1 0 1 0 0 3795.dat
1  6  4  40  8  60  4 1  6 0 0 -1 0 1 0 1 0 0 3032.dat
1  6  6  60  8  60  6 1  6 0 0 0 1 0 0 0 1 3958.dat
1  6  8  80  8  60  8 1  6 0 0 0 1 0 0 0 1 3036.dat
1  6 10 100  8  60 10 1  6 0 0 0 1 0 0 0 1 3033.dat
1  8  1  10  8  80  1 1  8 0 0 -1 0 1 0 1 0 0 9.dat
1  8  2  20  8  80  2 1  8 0 0 -1 0 1 0 1 0 0 3034.dat
1  8  4  40  8  80  4 1  8 0 0 -1 0 1 0 1 0 0 3035.dat
1  8  6  60  8  80  6 1  8 0 0 -1 0 1 0 1 0 0 3036.dat
1 10  1  10  8 100  1 1 10 0 0 -1 0 1 0 1 0 0 4477.dat
1 10  2  20  8 100  2 1 10 0 0 -1 0 1 0 1 0 0 3832.dat
1 10  4  40  8 100  4 1 10 0 0 -1 0 1 0 1 0 0 3030.dat
1 10  6  60  8 100  6 1 10 0 0 -1 0 1 0 1 0 0 3033.dat
2  1  1  10  8  10  1 1  1 1 0 0 0 1 0 0 0 1 3070.dat
2  1  2  20  8  10  2 1  1 1 0 0 0 1 0 0 0 1 3069.dat
2  1  4  40  8  10  4 1  1 1 0 0 0 1 0 0 0 1 2431.dat
2  1  6  60  8  10  6 1  1 1 0 0 0 1 0 0 0 1 663.dat
2  1  8  80  8  10  8 1  1 1 0 0 0 1 0 0 0 1 4162.dat
2  2  1  10  8  20  1 1  2 0 0 -1 0 1 0 1 0 0 3069.dat
2  2  2  20  8  20  2 1  2 1 0 0 0 1 0 0 0 1 3068.dat
2  4  1  10  8  40  1 1  4 0 0 -1 0 1 0 1 0 0 2431.dat
2  6  1  10  8  60  1 1  6 0 0 -1 0 1 0 1 0 0 6636.dat
2  8  1  10  8  80  1 1  8 0 0 -1 0 1 0 1 0 0 4162.dat
3  1  1  10 24  10  1 3  1 1 0 0 0 1 0 0 0 1 3005.dat
3  1  2  20 24  10  2 3  1 1 0 0 0 1 0 0 0 1 3004.dat
3  1  3  30 24  10  3 3  1 1 0 0 0 1 0 0 0 1 3622.dat
3  1  4  40 24  10  4 3  1 1 0 0 0 1 0 0 0 1 3010.dat
3  1  6  60 24  10  6 3  1 1 0 0 0 1 0 0 0 1 3009.dat
3  1  8  80 24  10  8 3  1 1 0 0 0 1 0 0 0 1 3008.dat
3  1 10 100 24  10 10 3  1 1 0 0 0 1 0 0 0 1 6111.dat
3  2  1  10 24  20  1 3  2 0 0 -1 0 1 0 1 0 0 3004.dat
3  2  2  20 24  20  2 3  2 1 0 0 0 1 0 0 0 1 3003.dat
3  2  3  30 24  20  3 3  2 1 0 0 0 1 0 0 0 1 3002.dat
3  2  4  40 24  20  4 3  2 1 0 0 0 1 0 0 0 1 3001.dat
3  2  6  60 24  20  6 3  2 1 0 0 0 1 0 0 0 1 2456.dat
3  2  8  80 24  20  8 3  2 1 0 0 0 1 0 0 0 1 3007.dat
3  2 10 100 24  20 10 3  2 1 0 0 0 1 0 0 0 1 3006.dat
3  3  1  10 24  30  1 3  3 0 0 -1 0 1 0 1 0 0 3622.dat
3  3  2  20 24  30  2 3  3 0 0 -1 0 1 0 1 0 0 3002.dat
3  4  1  10 24  40  1 3  4 0 0 -1 0 1 0 1 0 0 3010.dat
3  4  2  20 24  40  2 3  4 0 0 -1 0 1 0 1 0 0 3001.dat
3  4  6  60 24  40  6 3  4 1 0 0 0 1 0 0 0 1 2356.dat
3  4 10 100 24  40 10 3  4 1 0 0 0 1 0 0 0 1 6212.dat
3  6  1  10 24  60  1 3  6 0 0 -1 0 1 0 1 0 0 3009.dat
3  6  2  20 24  60  2 3  6 0 0 -1 0 1 0 1 0 0 2456.dat
3  6  4  40 24  60  4 3  6 0 0 -1 0 1 0 1 0 0 2356.dat
3  8  1  10 24  80  1 3  8 0 0 -1 0 1 0 1 0 0 3008.dat
3  8  2  20 24  80  2 3  8 0 0 -1 0 1 0 1 0 0 3007.dat
3 10  1  10 24 100  1 3 10 0 0 -1 0 1 0 1 0 0 6111.dat
3 10  2  20 24 100  2 3 10 0 0 -1 0 1 0 1 0 0 3006.dat
3 10  4  40 24 100  4 3 10 0 0 -1 0 1 0 1 0 0 6212.dat
4  0  0  20 24  10  2 3  1 1 0 0 0 1 0 0 0 1 238.dat
4  0  1  10 24  10  1 3  2 1 0 0 0 1 0 0 0 1 3040.dat
4  0  2  20 24  10  2 3  2 1 0 0 0 1 0 0 0 1 3039.dat
4  0  3  30 24  10  3 3  2 1 0 0 0 1 0 0 0 1 3038.dat
4  0  4  40 24  10  4 3  2 1 0 0 0 1 0 0 0 1 3037.dat
4  0  5  10 24  20  1 3  2 1 0 0 0 1 0 0 0 1 3044.dat
4  0  6  20 24  20  2 3  2 1 0 0 0 1 0 0 0 1 3043.dat
4  0  7  30 24  20  3 3  2 1 0 0 0 1 0 0 0 1 3042.dat
4  0  8  40 24  20  4 3  2 1 0 0 0 1 0 0 0 1 3041.dat
4  0  9  10 24  10  2 3  2 1 0 0 0 1 0 0 0 1 57.dat
4  0 10  30 24  30  2 3  2 -1 0 0 0 1 0 0 0 -1 40.dat
4  0 12  20 24  10  1 3  2 1 0 0 0 1 0 0 0 1 48.dat
4  1  0  10 24  20  1 3  2 0 0 1 0 1 0 -1 0 0 238.dat
4  1  1  30 24  10  2 3  1 0 0 1 0 1 0 -1 0 0 3040.dat
4  1  2  30 24  20  2 3  2 0 0 1 0 1 0 -1 0 0 3039.dat
4  1  3  30 24  30  2 3  3 0 0 1 0 1 0 -1 0 0 3038.dat
4  1  4  30 24  40  2 3  4 0 0 1 0 1 0 -1 0 0 3037.dat
4  1  5  20 24  10  2 3  1 0 0 1 0 1 0 -1 0 0 3044.dat
4  1  6  20 24  20  2 3  2 0 0 1 0 1 0 -1 0 0 3043.dat
4  1  7  20 24  30  2 3  3 0 0 1 0 1 0 -1 0 0 3042.dat
4  1  8  20 24  40  2 3  4 0 0 1 0 1 0 -1 0 0 3041.dat
4  1  9  30 24  10  2 3  2 0 0 1 0 1 0 -1 0 0 57.dat
4  1 10  10 24  30  2 3  2 0 0 -1 0 1 0 1 0 0 40.dat
4  1 12  10 24  20  2 3  1 0 0 1 0 1 0 -1 0 0 48.dat
4  2  0  20 24  10  2 3  1 -1 0 0 0 1 0 0 0 -1 238.dat
4  2  1  10 24  30  1 3  2 -1 0 0 0 1 0 0 0 -1 3040.dat
4  2  2  20 24  30  2 3  2 -1 0 0 0 1 0 0 0 -1 3039.dat
4  2  3  30 24  30  3 3  2 -1 0 0 0 1 0 0 0 -1 3038.dat
4  2  4  40 24  30  4 3  2 -1 0 0 0 1 0 0 0 -1 3037.dat
4  2  9  30 24  30  2 3  2 -1 0 0 0 1 0 0 0 -1 57.dat
4  2 10  10 24  10  2 3  2 1 0 0 0 1 0 0 0 1 40.dat
4  2 12  20 24  10  1 3  2 -1 0 0 0 1 0 0 0 -1 48.dat
4  3  0  10 24  20  1 3  2 0 0 -1 0 1 0 1 0 0 238.dat
4  3  1  10 24  10  2 3  1 0 0 -1 0 1 0 1 0 0 3040.dat
4  3  2  10 24  20  2 3  2 0 0 -1 0 1 0 1 0 0 3039.dat
4  3  3  10 24  30  2 3  3 0 0 -1 0 1 0 1 0 0 3038.dat
4  3  4  10 24  40  2 3  4 0 0 -1 0 1 0 1 0 0 3037.dat
4  3  9  10 24  30  2 3  2 0 0 -1 0 1 0 1 0 0 57.dat
4  3 10  30 24  10  2 3  2 0 0 1 0 1 0 -1 0 0 40.dat
4  3 12  10 24  20  2 3  1 0 0 -1 0 1 0 1 0 0 48.dat
7  0  1  10 24  10  1 3  3 1 0 0 0 1 0 0 0 1 240.dat
7  0  2  20 24  10  2 3  3 1 0 0 0 1 0 0 0 1 3298.dat
7  0  3  30 24  10  3 3  3 1 0 0 0 1 0 0 0 1 180.dat
7  0  4  40 24  10  4 3  3 1 0 0 0 1 0 0 0 1 3297.dat
7  0  6  20 24  20  2 3  2 1 0 0 0 1 0 0 0 1 3300.dat
7  0  8  40 24  20  4 3  2 1 0 0 0 1 0 0 0 1 3298.dat
7  1  1  50 24  10  3 3  1 0 0 1 0 1 0 -1 0 0 240.dat
7  1  2  50 24  20  3 3  2 0 0 1 0 1 0 -1 0 0 3298.dat
7  1  3  50 24  30  3 3  3 0 0 1 0 1 0 -1 0 0 180.dat
7  1  4  50 24  40  3 3  4 0 0 1 0 1 0 -1 0 0 3297.dat
7  1  6  20 24  20  2 3  2 0 0 1 0 1 0 -1 0 0 3300.dat
7  1  8  20 24  40  2 3  4 0 0 1 0 1 0 -1 0 0 3299.dat
7  2  1  10 24  50  1 3  3 -1 0 0 0 1 0 0 0 -1 240.dat
7  2  2  20 24  50  2 3  3 -1 0 0 0 1 0 0 0 -1 3298.dat
7  2  3  30 24  50  3 3  3 -1 0 0 0 1 0 0 0 -1 180.dat
7  2  4  40 24  50  4 3  3 -1 0 0 0 1 0 0 0 -1 3297.dat
7  3  1  10 24  10  3 3  1 0 0 -1 0 1 0 1 0 0 240.dat
7  3  2  10 24  20  3 3  2 0 0 -1 0 1 0 1 0 0 3298.dat
7  3  3  10 24  30  3 3  3 0 0 -1 0 1 0 1 0 0 180.dat
7  3  4  10 24  40  3 3  4 0 0 -1 0 1 0 1 0 0 3297.dat
8  3  1  10 24  10  1 1  1 1 0 0 0 1 0 0 0 1 28.dat
